<?xml version="1.0" encoding="UTF-8"?>
<!-- Generated by org.testng.reporters.JUnitReportReporter -->
<testsuite hostname="hp15s11" failures="0" tests="1" name="testautomation.testauto" time="47.765" errors="0" timestamp="2023-11-02T20:02:48 IST" skipped="0">
  <testcase classname="testautomation.testauto" name="test" time="47.765"/>
  <system-out/>
</testsuite> <!-- testautomation.testauto -->
